TN:
SF:src/modules/statements/useCases/createStatement/CreateStatementController.ts
FN:7,(anonymous_13)
FN:8,(anonymous_15)
FNF:2
FNH:2
FNDA:2,(anonymous_13)
FNDA:1,(anonymous_15)
DA:2,1
DA:4,1
DA:7,1
DA:8,1
DA:9,1
DA:10,1
DA:13,1
DA:14,1
DA:16,1
DA:18,1
DA:25,1
DA:27,1
LF:12
LH:12
BRF:0
BRH:0
end_of_record
TN:
SF:src/modules/statements/useCases/createStatement/CreateStatementError.ts
FN:3,(anonymous_6)
FN:4,(anonymous_7)
FN:5,UserNotFound
FN:10,(anonymous_9)
FN:11,InsufficientFunds
FNF:5
FNH:3
FNDA:1,(anonymous_6)
FNDA:1,(anonymous_7)
FNDA:0,UserNotFound
FNDA:1,(anonymous_9)
FNDA:0,InsufficientFunds
DA:1,1
DA:3,1
DA:4,1
DA:6,0
DA:8,1
DA:10,1
DA:12,0
DA:14,1
LF:8
LH:6
BRDA:6,0,0,0
BRDA:6,0,1,0
BRDA:12,1,0,0
BRDA:12,1,1,0
BRDA:3,2,0,1
BRDA:3,2,1,1
BRF:6
BRH:2
end_of_record
TN:
SF:src/modules/statements/useCases/createStatement/CreateStatementUseCase.ts
FN:9,(anonymous_17)
FN:10,CreateStatementUseCase
FN:18,(anonymous_19)
FNF:3
FNH:3
FNDA:1,(anonymous_17)
FNDA:1,CreateStatementUseCase
FNDA:1,(anonymous_19)
DA:1,1
DA:5,1
DA:9,1
DA:12,1
DA:15,1
DA:18,1
DA:19,1
DA:21,1
DA:22,0
DA:25,2
DA:26,0
DA:28,0
DA:29,0
DA:33,1
DA:40,1
DA:42,1
LF:16
LH:12
BRDA:19,0,0,1
BRDA:19,0,1,1
BRDA:21,1,0,0
BRDA:25,2,0,1
BRDA:28,3,0,0
BRF:5
BRH:3
end_of_record
TN:
SF:src/modules/statements/useCases/getBalance/GetBalanceController.ts
FN:7,(anonymous_13)
FN:8,(anonymous_15)
FNF:2
FNH:1
FNDA:2,(anonymous_13)
FNDA:0,(anonymous_15)
DA:2,1
DA:4,1
DA:5,1
DA:7,1
DA:8,1
DA:9,0
DA:11,0
DA:13,0
DA:15,0
DA:17,0
DA:19,1
LF:11
LH:6
BRF:0
BRH:0
end_of_record
TN:
SF:src/modules/statements/useCases/getBalance/GetBalanceError.ts
FN:3,(anonymous_6)
FN:4,GetBalanceError
FNF:2
FNH:1
FNDA:1,(anonymous_6)
FNDA:0,GetBalanceError
DA:1,1
DA:3,1
DA:5,0
DA:7,1
LF:4
LH:3
BRDA:5,0,0,0
BRDA:5,0,1,0
BRF:2
BRH:0
end_of_record
TN:
SF:src/modules/statements/useCases/getBalance/GetBalanceUseCase.ts
FN:18,(anonymous_17)
FN:19,GetBalanceUseCase
FN:27,(anonymous_19)
FNF:3
FNH:1
FNDA:1,(anonymous_17)
FNDA:0,GetBalanceUseCase
FNDA:0,(anonymous_19)
DA:1,1
DA:6,1
DA:18,1
DA:21,0
DA:24,0
DA:27,1
DA:28,0
DA:30,0
DA:31,0
DA:34,0
DA:39,0
DA:41,1
LF:12
LH:5
BRDA:28,0,0,0
BRDA:30,1,0,0
BRF:2
BRH:0
end_of_record
TN:
SF:src/modules/statements/useCases/getStatementOperation/GetStatementOperationController.ts
FN:6,(anonymous_13)
FN:7,(anonymous_15)
FNF:2
FNH:1
FNDA:2,(anonymous_13)
FNDA:0,(anonymous_15)
DA:2,1
DA:4,1
DA:6,1
DA:7,1
DA:8,0
DA:9,0
DA:11,0
DA:13,0
DA:18,0
DA:20,1
LF:10
LH:5
BRF:0
BRH:0
end_of_record
TN:
SF:src/modules/statements/useCases/getStatementOperation/GetStatementOperationError.ts
FN:3,(anonymous_6)
FN:4,(anonymous_7)
FN:5,UserNotFound
FN:10,(anonymous_9)
FN:11,StatementNotFound
FNF:5
FNH:3
FNDA:1,(anonymous_6)
FNDA:1,(anonymous_7)
FNDA:0,UserNotFound
FNDA:1,(anonymous_9)
FNDA:0,StatementNotFound
DA:1,1
DA:3,1
DA:4,1
DA:6,0
DA:8,1
DA:10,1
DA:12,0
DA:14,1
LF:8
LH:6
BRDA:6,0,0,0
BRDA:6,0,1,0
BRDA:12,1,0,0
BRDA:12,1,1,0
BRDA:3,2,0,1
BRDA:3,2,1,1
BRF:6
BRH:2
end_of_record
TN:
SF:src/modules/statements/useCases/getStatementOperation/GetStatementOperationUseCase.ts
FN:13,(anonymous_17)
FN:14,GetStatementOperationUseCase
FN:22,(anonymous_19)
FNF:3
FNH:1
FNDA:1,(anonymous_17)
FNDA:0,GetStatementOperationUseCase
FNDA:0,(anonymous_19)
DA:1,1
DA:5,1
DA:13,1
DA:16,0
DA:19,0
DA:22,1
DA:23,0
DA:25,0
DA:26,0
DA:29,0
DA:32,0
DA:33,0
DA:36,0
DA:38,1
LF:14
LH:5
BRDA:23,0,0,0
BRDA:25,1,0,0
BRDA:32,2,0,0
BRF:3
BRH:0
end_of_record
TN:
SF:src/modules/statements/useCases/transferStatementOperation/TransferStatementOperationController.ts
FN:6,(anonymous_13)
FN:7,(anonymous_15)
FNF:2
FNH:0
FNDA:0,(anonymous_13)
FNDA:0,(anonymous_15)
DA:2,0
DA:3,0
DA:6,0
DA:7,0
DA:8,0
DA:9,0
DA:10,0
DA:11,0
DA:13,0
DA:15,0
DA:17,0
DA:19,0
DA:20,0
LF:13
LH:0
BRF:0
BRH:0
end_of_record
TN:
SF:src/modules/statements/useCases/transferStatementOperation/TransferStatementOperationError.ts
FN:3,(anonymous_6)
FN:4,(anonymous_7)
FN:5,RecipientUserNotFound
FN:10,(anonymous_9)
FN:11,InsufficientFunds
FNF:5
FNH:0
FNDA:0,(anonymous_6)
FNDA:0,(anonymous_7)
FNDA:0,RecipientUserNotFound
FNDA:0,(anonymous_9)
FNDA:0,InsufficientFunds
DA:1,0
DA:3,0
DA:4,0
DA:6,0
DA:8,0
DA:10,0
DA:12,0
DA:14,0
LF:8
LH:0
BRDA:6,0,0,0
BRDA:6,0,1,0
BRDA:12,1,0,0
BRDA:12,1,1,0
BRDA:3,2,0,0
BRDA:3,2,1,0
BRF:6
BRH:0
end_of_record
TN:
SF:src/modules/statements/useCases/transferStatementOperation/TransferStatementOperationUseCase.ts
FN:17,(anonymous_17)
FN:18,TransferStatementOperationUseCase
FN:26,(anonymous_19)
FNF:3
FNH:0
FNDA:0,(anonymous_17)
FNDA:0,TransferStatementOperationUseCase
FNDA:0,(anonymous_19)
DA:1,0
DA:5,0
DA:17,0
DA:20,0
DA:23,0
DA:26,0
DA:30,0
DA:32,0
DA:33,0
DA:37,0
DA:38,0
DA:39,0
DA:43,0
DA:51,0
DA:53,0
DA:55,0
LF:16
LH:0
BRDA:30,0,0,0
BRDA:32,1,0,0
BRDA:38,2,0,0
BRF:3
BRH:0
end_of_record
TN:
SF:src/modules/users/useCases/authenticateUser/AuthenticateUserController.ts
FN:6,(anonymous_13)
FN:7,(anonymous_15)
FNF:2
FNH:2
FNDA:2,(anonymous_13)
FNDA:1,(anonymous_15)
DA:2,1
DA:4,1
DA:6,1
DA:7,1
DA:8,1
DA:10,1
DA:12,1
DA:17,1
DA:19,1
LF:9
LH:9
BRF:0
BRH:0
end_of_record
TN:
SF:src/modules/users/useCases/authenticateUser/AuthenticateUserUseCase.ts
FN:17,(anonymous_18)
FN:18,AuthenticateUserUseCase
FN:23,(anonymous_20)
FNF:3
FNH:3
FNDA:1,(anonymous_18)
FNDA:1,AuthenticateUserUseCase
FNDA:1,(anonymous_20)
DA:1,1
DA:2,1
DA:3,1
DA:5,1
DA:9,1
DA:17,1
DA:20,1
DA:23,1
DA:24,1
DA:26,1
DA:27,0
DA:30,1
DA:32,1
DA:33,0
DA:36,1
DA:38,1
DA:43,1
DA:52,1
LF:18
LH:16
BRDA:24,0,0,1
BRDA:26,1,0,0
BRDA:32,2,0,0
BRF:3
BRH:1
end_of_record
TN:
SF:src/modules/users/useCases/authenticateUser/IncorrectEmailOrPasswordError.ts
FN:3,(anonymous_6)
FN:4,IncorrectEmailOrPasswordError
FNF:2
FNH:1
FNDA:1,(anonymous_6)
FNDA:0,IncorrectEmailOrPasswordError
DA:1,1
DA:3,1
DA:5,0
DA:7,1
LF:4
LH:3
BRDA:5,0,0,0
BRDA:5,0,1,0
BRF:2
BRH:0
end_of_record
TN:
SF:src/modules/users/useCases/createUser/CreateUserController.ts
FN:6,(anonymous_13)
FN:7,(anonymous_15)
FNF:2
FNH:2
FNDA:2,(anonymous_13)
FNDA:2,(anonymous_15)
DA:2,1
DA:4,1
DA:6,1
DA:7,1
DA:8,2
DA:10,2
DA:12,4
DA:18,2
DA:20,1
LF:9
LH:9
BRF:0
BRH:0
end_of_record
TN:
SF:src/modules/users/useCases/createUser/CreateUserError.ts
FN:3,(anonymous_6)
FN:4,CreateUserError
FNF:2
FNH:1
FNDA:1,(anonymous_6)
FNDA:0,CreateUserError
DA:1,1
DA:3,1
DA:5,0
DA:7,1
LF:4
LH:3
BRDA:5,0,0,0
BRDA:5,0,1,0
BRF:2
BRH:0
end_of_record
TN:
SF:src/modules/users/useCases/createUser/CreateUserUseCase.ts
FN:10,(anonymous_17)
FN:11,CreateUserUseCase
FN:16,(anonymous_19)
FNF:3
FNH:3
FNDA:1,(anonymous_17)
FNDA:2,CreateUserUseCase
FNDA:2,(anonymous_19)
DA:1,1
DA:2,1
DA:4,1
DA:10,1
DA:13,2
DA:16,2
DA:17,2
DA:19,2
DA:20,0
DA:23,2
DA:25,2
DA:31,2
DA:33,1
LF:13
LH:12
BRDA:17,0,0,2
BRDA:19,1,0,0
BRF:2
BRH:1
end_of_record
TN:
SF:src/modules/users/useCases/showUserProfile/ShowUserProfileController.ts
FN:7,(anonymous_13)
FN:8,(anonymous_15)
FNF:2
FNH:1
FNDA:2,(anonymous_13)
FNDA:0,(anonymous_15)
DA:2,1
DA:4,1
DA:5,1
DA:7,1
DA:8,1
DA:9,0
DA:11,0
DA:13,0
DA:15,0
DA:17,0
DA:19,1
LF:11
LH:6
BRF:0
BRH:0
end_of_record
TN:
SF:src/modules/users/useCases/showUserProfile/ShowUserProfileError.ts
FN:3,(anonymous_6)
FN:4,ShowUserProfileError
FNF:2
FNH:1
FNDA:1,(anonymous_6)
FNDA:0,ShowUserProfileError
DA:1,1
DA:3,1
DA:5,0
DA:7,1
LF:4
LH:3
BRDA:5,0,0,0
BRDA:5,0,1,0
BRF:2
BRH:0
end_of_record
TN:
SF:src/modules/users/useCases/showUserProfile/ShowUserProfileUseCase.ts
FN:7,(anonymous_17)
FN:8,ShowUserProfileUseCase
FN:13,(anonymous_19)
FNF:3
FNH:1
FNDA:1,(anonymous_17)
FNDA:0,ShowUserProfileUseCase
FNDA:0,(anonymous_19)
DA:1,1
DA:4,1
DA:7,1
DA:10,0
DA:13,1
DA:14,0
DA:16,0
DA:17,0
DA:20,0
DA:22,1
LF:10
LH:5
BRDA:14,0,0,0
BRDA:16,1,0,0
BRF:2
BRH:0
end_of_record
