TN:
SF:src/modules/statements/useCases/createStatement/CreateStatementController.ts
FN:6,(anonymous_13)
FN:11,(anonymous_14)
FN:12,(anonymous_16)
FNF:3
FNH:3
FNDA:6,(anonymous_13)
FNDA:12,(anonymous_14)
FNDA:13,(anonymous_16)
DA:2,6
DA:4,6
DA:6,6
DA:7,6
DA:8,6
DA:11,6
DA:12,6
DA:13,13
DA:14,13
DA:17,13
DA:18,13
DA:20,13
DA:22,13
DA:29,10
DA:31,6
LF:15
LH:15
BRDA:6,0,0,6
BRDA:6,0,1,6
BRF:2
BRH:2
end_of_record
TN:
SF:src/modules/statements/useCases/createStatement/CreateStatementError.ts
FN:3,(anonymous_6)
FN:4,(anonymous_7)
FN:5,UserNotFound
FN:10,(anonymous_9)
FN:11,InsufficientFunds
FNF:5
FNH:5
FNDA:9,(anonymous_6)
FNDA:9,(anonymous_7)
FNDA:2,UserNotFound
FNDA:9,(anonymous_9)
FNDA:1,InsufficientFunds
DA:1,9
DA:3,9
DA:4,9
DA:6,2
DA:8,9
DA:10,9
DA:12,1
DA:14,9
LF:8
LH:8
BRDA:6,0,0,2
BRDA:6,0,1,2
BRDA:12,1,0,1
BRDA:12,1,1,1
BRDA:3,2,0,9
BRDA:3,2,1,9
BRF:6
BRH:6
end_of_record
TN:
SF:src/modules/statements/useCases/createStatement/CreateStatementUseCase.ts
FN:9,(anonymous_17)
FN:10,CreateStatementUseCase
FN:18,(anonymous_19)
FNF:3
FNH:3
FNDA:9,(anonymous_17)
FNDA:22,CreateStatementUseCase
FNDA:23,(anonymous_19)
DA:1,9
DA:5,9
DA:9,9
DA:12,22
DA:15,22
DA:18,23
DA:19,23
DA:21,23
DA:22,2
DA:25,36
DA:26,6
DA:28,6
DA:29,1
DA:33,20
DA:40,19
DA:42,9
LF:16
LH:16
BRDA:19,0,0,23
BRDA:19,0,1,20
BRDA:21,1,0,2
BRDA:25,2,0,15
BRDA:28,3,0,1
BRF:5
BRH:5
end_of_record
TN:
SF:src/modules/statements/useCases/getBalance/GetBalanceController.ts
FN:7,(anonymous_13)
FN:8,(anonymous_15)
FNF:2
FNH:2
FNDA:12,(anonymous_13)
FNDA:3,(anonymous_15)
DA:2,6
DA:4,6
DA:5,6
DA:7,6
DA:8,6
DA:9,3
DA:11,3
DA:13,3
DA:15,2
DA:17,2
DA:19,6
LF:11
LH:11
BRF:0
BRH:0
end_of_record
TN:
SF:src/modules/statements/useCases/getBalance/GetBalanceError.ts
FN:3,(anonymous_6)
FN:4,GetBalanceError
FNF:2
FNH:2
FNDA:7,(anonymous_6)
FNDA:2,GetBalanceError
DA:1,7
DA:3,7
DA:5,2
DA:7,7
LF:4
LH:4
BRDA:5,0,0,2
BRDA:5,0,1,2
BRF:2
BRH:2
end_of_record
TN:
SF:src/modules/statements/useCases/getBalance/GetBalanceUseCase.ts
FN:18,(anonymous_17)
FN:19,GetBalanceUseCase
FN:27,(anonymous_19)
FNF:3
FNH:3
FNDA:7,(anonymous_17)
FNDA:5,GetBalanceUseCase
FNDA:5,(anonymous_19)
DA:1,7
DA:6,7
DA:18,7
DA:21,5
DA:24,5
DA:27,7
DA:28,5
DA:30,5
DA:31,2
DA:34,3
DA:39,3
DA:41,7
LF:12
LH:12
BRDA:28,0,0,5
BRDA:30,1,0,2
BRF:2
BRH:2
end_of_record
TN:
SF:src/modules/statements/useCases/getStatementOperation/GetStatementOperationController.ts
FN:6,(anonymous_13)
FN:7,(anonymous_15)
FNF:2
FNH:2
FNDA:12,(anonymous_13)
FNDA:3,(anonymous_15)
DA:2,6
DA:4,6
DA:6,6
DA:7,6
DA:8,3
DA:9,3
DA:11,3
DA:13,3
DA:18,1
DA:20,6
LF:10
LH:10
BRF:0
BRH:0
end_of_record
TN:
SF:src/modules/statements/useCases/getStatementOperation/GetStatementOperationError.ts
FN:3,(anonymous_6)
FN:4,(anonymous_7)
FN:5,UserNotFound
FN:10,(anonymous_9)
FN:11,StatementNotFound
FNF:5
FNH:5
FNDA:7,(anonymous_6)
FNDA:7,(anonymous_7)
FNDA:2,UserNotFound
FNDA:7,(anonymous_9)
FNDA:2,StatementNotFound
DA:1,7
DA:3,7
DA:4,7
DA:6,2
DA:8,7
DA:10,7
DA:12,2
DA:14,7
LF:8
LH:8
BRDA:6,0,0,2
BRDA:6,0,1,2
BRDA:12,1,0,2
BRDA:12,1,1,2
BRDA:3,2,0,7
BRDA:3,2,1,7
BRF:6
BRH:6
end_of_record
TN:
SF:src/modules/statements/useCases/getStatementOperation/GetStatementOperationUseCase.ts
FN:13,(anonymous_17)
FN:14,GetStatementOperationUseCase
FN:22,(anonymous_19)
FNF:3
FNH:3
FNDA:7,(anonymous_17)
FNDA:6,GetStatementOperationUseCase
FNDA:6,(anonymous_19)
DA:1,7
DA:5,7
DA:13,7
DA:16,6
DA:19,6
DA:22,7
DA:23,6
DA:25,6
DA:26,2
DA:29,4
DA:32,4
DA:33,2
DA:36,2
DA:38,7
LF:14
LH:14
BRDA:23,0,0,6
BRDA:25,1,0,2
BRDA:32,2,0,2
BRF:3
BRH:3
end_of_record
TN:
SF:src/modules/statements/useCases/transferStatementOperation/TransferStatementOperationController.ts
FN:2,(anonymous_13)
FN:3,(anonymous_15)
FNF:2
FNH:0
FNDA:0,(anonymous_13)
FNDA:0,(anonymous_15)
DA:2,0
DA:3,0
DA:4,0
DA:6,0
DA:7,0
LF:5
LH:0
BRF:0
BRH:0
end_of_record
TN:
SF:src/modules/statements/useCases/transferStatementOperation/TransferStatementOperationUseCase.ts
FN:12,(anonymous_15)
FN:13,TransferStatementOperationController
FN:14,(anonymous_17)
FNF:3
FNH:0
FNDA:0,(anonymous_15)
FNDA:0,TransferStatementOperationController
FNDA:0,(anonymous_17)
DA:1,0
DA:12,0
DA:14,0
DA:15,0
DA:17,0
LF:5
LH:0
BRF:0
BRH:0
end_of_record
TN:
SF:src/modules/users/useCases/authenticateUser/AuthenticateUserController.ts
FN:6,(anonymous_13)
FN:7,(anonymous_15)
FNF:2
FNH:2
FNDA:12,(anonymous_13)
FNDA:19,(anonymous_15)
DA:2,6
DA:4,6
DA:6,6
DA:7,6
DA:8,19
DA:10,19
DA:12,19
DA:17,17
DA:19,6
LF:9
LH:9
BRF:0
BRH:0
end_of_record
TN:
SF:src/modules/users/useCases/authenticateUser/AuthenticateUserUseCase.ts
FN:17,(anonymous_18)
FN:18,AuthenticateUserUseCase
FN:23,(anonymous_20)
FNF:3
FNH:3
FNDA:11,(anonymous_18)
FNDA:50,AuthenticateUserUseCase
FNDA:32,(anonymous_20)
DA:1,11
DA:2,11
DA:3,11
DA:5,11
DA:9,11
DA:17,11
DA:20,50
DA:23,32
DA:24,32
DA:26,32
DA:27,1
DA:30,31
DA:32,31
DA:33,2
DA:36,29
DA:38,29
DA:43,29
DA:52,11
LF:18
LH:18
BRDA:24,0,0,32
BRDA:26,1,0,1
BRDA:32,2,0,2
BRF:3
BRH:3
end_of_record
TN:
SF:src/modules/users/useCases/authenticateUser/IncorrectEmailOrPasswordError.ts
FN:3,(anonymous_6)
FN:4,IncorrectEmailOrPasswordError
FNF:2
FNH:2
FNDA:11,(anonymous_6)
FNDA:3,IncorrectEmailOrPasswordError
DA:1,11
DA:3,11
DA:5,3
DA:7,11
LF:4
LH:4
BRDA:5,0,0,3
BRDA:5,0,1,3
BRF:2
BRH:2
end_of_record
TN:
SF:src/modules/users/useCases/createUser/CreateUserController.ts
FN:6,(anonymous_13)
FN:7,(anonymous_15)
FNF:2
FNH:2
FNDA:12,(anonymous_13)
FNDA:22,(anonymous_15)
DA:2,6
DA:4,6
DA:6,6
DA:7,6
DA:8,22
DA:10,22
DA:12,44
DA:18,12
DA:20,6
LF:9
LH:9
BRF:0
BRH:0
end_of_record
TN:
SF:src/modules/users/useCases/createUser/CreateUserError.ts
FN:3,(anonymous_6)
FN:4,CreateUserError
FNF:2
FNH:2
FNDA:12,(anonymous_6)
FNDA:10,CreateUserError
DA:1,12
DA:3,12
DA:5,10
DA:7,12
LF:4
LH:4
BRDA:5,0,0,10
BRDA:5,0,1,10
BRF:2
BRH:2
end_of_record
TN:
SF:src/modules/users/useCases/createUser/CreateUserUseCase.ts
FN:10,(anonymous_17)
FN:11,CreateUserUseCase
FN:16,(anonymous_19)
FNF:3
FNH:3
FNDA:12,(anonymous_17)
FNDA:55,CreateUserUseCase
FNDA:39,(anonymous_19)
DA:1,12
DA:2,12
DA:4,12
DA:10,12
DA:13,55
DA:16,39
DA:17,39
DA:19,39
DA:20,10
DA:23,29
DA:25,25
DA:31,25
DA:33,12
LF:13
LH:13
BRDA:17,0,0,39
BRDA:19,1,0,10
BRF:2
BRH:2
end_of_record
TN:
SF:src/modules/users/useCases/showUserProfile/ShowUserProfileController.ts
FN:7,(anonymous_13)
FN:8,(anonymous_15)
FNF:2
FNH:2
FNDA:12,(anonymous_13)
FNDA:2,(anonymous_15)
DA:2,6
DA:4,6
DA:5,6
DA:7,6
DA:8,6
DA:9,2
DA:11,2
DA:13,2
DA:15,1
DA:17,1
DA:19,6
LF:11
LH:11
BRF:0
BRH:0
end_of_record
TN:
SF:src/modules/users/useCases/showUserProfile/ShowUserProfileError.ts
FN:3,(anonymous_6)
FN:4,ShowUserProfileError
FNF:2
FNH:2
FNDA:7,(anonymous_6)
FNDA:2,ShowUserProfileError
DA:1,7
DA:3,7
DA:5,2
DA:7,7
LF:4
LH:4
BRDA:5,0,0,2
BRDA:5,0,1,2
BRF:2
BRH:2
end_of_record
TN:
SF:src/modules/users/useCases/showUserProfile/ShowUserProfileUseCase.ts
FN:7,(anonymous_17)
FN:8,ShowUserProfileUseCase
FN:13,(anonymous_19)
FNF:3
FNH:3
FNDA:7,(anonymous_17)
FNDA:4,ShowUserProfileUseCase
FNDA:4,(anonymous_19)
DA:1,7
DA:4,7
DA:7,7
DA:10,4
DA:13,7
DA:14,4
DA:16,4
DA:17,2
DA:20,2
DA:22,7
LF:10
LH:10
BRDA:14,0,0,4
BRDA:16,1,0,2
BRF:2
BRH:2
end_of_record
